<?xml version="1.0" encoding="UTF-8"?>
<!-- Generated by org.testng.reporters.JUnitXMLReporter -->
<testsuite ignored="0" hostname="DESKTOP-P7AL5QH" failures="1" tests="1" name="Test" time="21.354" errors="0" timestamp="2023-07-10T18:39:39 IST">
  <testcase classname="tests.TestFour" name="testFour" time="20.401">
    <failure type="java.lang.AssertionError" message="expected [true] but found [false]">
      <![CDATA[java.lang.AssertionError: expected [true] but found [false]
at tests.TestFour.testFour(TestFour.java:23)
at java.base/java.util.ArrayList.forEach(ArrayList.java:1511)
... Removed 31 stack frames]]>
    </failure>
  </testcase> <!-- testFour -->
</testsuite> <!-- Test -->
