<?xml version="1.0" encoding="UTF-8"?>
<!-- Generated by org.testng.reporters.JUnitXMLReporter -->
<testsuite ignored="0" hostname="DESKTOP-P7AL5QH" failures="0" tests="5" name="Test" time="85.297" errors="0" timestamp="2023-07-05T22:26:42 IST">
  <testcase classname="tests.TestTwo" name="twoTestMethod" time="0.009"/>
  <testcase classname="tests.TestThree" name="testThree" time="0.002"/>
  <testcase classname="tests.TestFour" name="testFour" time="0.001"/>
  <testcase classname="tests.LoginTest" name="login" time="9.292"/>
  <testcase classname="tests.LoginTest" name="login" time="11.829"/>
</testsuite> <!-- Test -->
